<?xml version="1.0" encoding="UTF-8"?>
<!-- Generated by org.testng.reporters.JUnitReportReporter -->
<testsuite hostname="HP" failures="0" tests="1" name="GitHubPushAndImport.GitHubExperiment" time="0.025" errors="0" timestamp="2021-12-09T16:52:11 IST" skipped="0">
  <testcase classname="GitHubPushAndImport.GitHubExperiment" name="demoTest" time="0.025"/>
  <system-out/>
</testsuite> <!-- GitHubPushAndImport.GitHubExperiment -->
