<?xml version="1.0" encoding="UTF-8"?>
<!-- Generated by org.testng.reporters.JUnitReportReporter -->
<testsuite hostname="HP" failures="0" tests="1" name="GitHubPushAndImport.RegressionTesting" time="0.026" errors="0" timestamp="2021-12-10T17:39:28 IST" skipped="0">
  <testcase classname="GitHubPushAndImport.RegressionTesting" name="method2" time="0.026"/>
  <system-out/>
</testsuite> <!-- GitHubPushAndImport.RegressionTesting -->
