<?xml version="1.0" encoding="UTF-8"?>
<!-- Generated by org.testng.reporters.JUnitReportReporter -->
<testsuite hostname="HP" failures="0" tests="1" name="GitHubPushAndImport.SmokeTest" time="0.027" errors="0" timestamp="2021-12-10T17:35:38 IST" skipped="0">
  <testcase classname="GitHubPushAndImport.SmokeTest" name="method1" time="0.027"/>
  <system-out/>
</testsuite> <!-- GitHubPushAndImport.SmokeTest -->
